<?xml version="1.0" encoding="UTF-8"?>
<testsuite xmlns:xsi="http://www.w3.org/2001/XMLSchema-instance" xsi:noNamespaceSchemaLocation="https://maven.apache.org/surefire/maven-surefire-plugin/xsd/surefire-test-report-3.0.xsd" version="3.0" name="org.csystem.app.ApplicationTests" time="1.155" tests="1" errors="0" skipped="0" failures="0">
  <properties>
[...]
</properties>
  <testcase name="contextLoads" classname="org.csystem.app.ApplicationTests" time="0.488">
    <system-out><![CDATA[00:15:50.288 [main] INFO org.springframework.test.context.support.AnnotationConfigContextLoaderUtils -- Could not detect default configuration classes for test class [org.csystem.app.ApplicationTests]: ApplicationTests does not declare any static, non-private, non-final, nested classes annotated with @Configuration.
00:15:50.339 [main] INFO org.springframework.boot.test.context.SpringBootTestContextBootstrapper -- Found @SpringBootConfiguration org.csystem.app.Application for test class org.csystem.app.ApplicationTests

  .   ____          _            __ _ _
 /\\ / ___'_ __ _ _(_)_ __  __ _ \ \ \ \
( ( )\___ | '_ | '_| | '_ \/ _` | \ \ \ \
 \\/  ___)| |_)| | | | | || (_| |  ) ) ) )
  '  |____| .__|_| |_|_| |_\__, | / / / /
 =========|_|==============|___/=/_/_/_/
 :: Spring Boot ::               (v3.2.10)

2024-10-04T00:15:50.527+03:00  INFO 90105 --- [Application] [           main] org.csystem.app.ApplicationTests         : Starting ApplicationTests using Java 17.0.6 with PID 90105 (started by furkanzengin in /Users/furkanzengin/IdeaProjects/JavaApp1-Mar-2023/src/SpringBootExample/SpringApplications/002-Dependency Injection)
2024-10-04T00:15:50.528+03:00  INFO 90105 --- [Application] [           main] org.csystem.app.ApplicationTests         : No active profile set, falling back to 1 default profile: "default"
Today:04/10/2024
Now: 04/10/2024 24.15.50
Person{name='Melike', surname='Imre Zengin', birthDate=1997-12-10, educationStatus=MASTER}
Time: 24.15.50
2024-10-04T00:15:50.854+03:00  INFO 90105 --- [Application] [           main] org.csystem.app.ApplicationTests         : Started ApplicationTests in 0.456 seconds (process running for 0.936)
]]></system-out>
  </testcase>
</testsuite>